Using pre-set license
Built from '2020.3/staging' branch; Version is '2020.3.17f1 (a4537701e4ab) revision 10769271'; Using compiler version '192528614'; Build Type 'Release'
OS: 'Windows 10 Education; OS build 18363.1734; Version 1909; 64bit' Language: 'ko' Physical Memory: 8125 MB
BatchMode: 1, IsHumanControllingUs: 0, StartBugReporterOnCrash: 0, Is64bit: 1, IsPro: 0

COMMAND LINE ARGUMENTS:
C:\Program Files\Unity\Hub\Editor\2020.3.17f1\Editor\Unity.exe
-adb2
-batchMode
-noUpm
-name
AssetImportWorker0
-projectPath
C:/Users/user/Documents/GitHub/3d-tps-shooting-game
-logFile
Logs/AssetImportWorker0.log
-srvPort
13692
Successfully changed project path to: C:/Users/user/Documents/GitHub/3d-tps-shooting-game
C:/Users/user/Documents/GitHub/3d-tps-shooting-game
Using Asset Import Pipeline V2.
Refreshing native plugins compatible for Editor in 174.43 ms, found 2 plugins.
Preloading 0 native plugins for Editor in 0.00 ms.
Initialize engine version: 2020.3.17f1 (a4537701e4ab)
[Subsystems] Discovering subsystems at path C:/Program Files/Unity/Hub/Editor/2020.3.17f1/Editor/Data/Resources/UnitySubsystems
[Subsystems] Discovering subsystems at path C:/Users/user/Documents/GitHub/3d-tps-shooting-game/Assets
GfxDevice: creating device client; threaded=0
Direct3D:
    Version:  Direct3D 11.0 [level 11.1]
    Renderer: NVIDIA GeForce GTX 1650 (ID=0x1f91)
    Vendor:   
    VRAM:     3962 MB
    Driver:   26.21.14.4262
Initialize mono
Mono path[0] = 'C:/Program Files/Unity/Hub/Editor/2020.3.17f1/Editor/Data/Managed'
Mono path[1] = 'C:/Program Files/Unity/Hub/Editor/2020.3.17f1/Editor/Data/MonoBleedingEdge/lib/mono/unityjit'
Mono config path = 'C:/Program Files/Unity/Hub/Editor/2020.3.17f1/Editor/Data/MonoBleedingEdge/etc'
Using monoOptions --debugger-agent=transport=dt_socket,embedding=1,server=y,suspend=n,address=127.0.0.1:56724
Begin MonoManager ReloadAssembly
Registering precompiled unity dll's ...
Register platform support module: C:/Program Files/Unity/Hub/Editor/2020.3.17f1/Editor/Data/PlaybackEngines/WindowsStandaloneSupport/UnityEditor.WindowsStandalone.Extensions.dll
Registered in 0.002662 seconds.
Native extension for WindowsStandalone target not found
Refreshing native plugins compatible for Editor in 141.87 ms, found 2 plugins.
Preloading 0 native plugins for Editor in 0.00 ms.
Mono: successfully reloaded assembly
- Completed reload, in  3.986 seconds
Domain Reload Profiling:
	ReloadAssembly (3986ms)
		BeginReloadAssembly (124ms)
			ExecutionOrderSort (0ms)
			DisableScriptedObjects (0ms)
			BackupInstance (0ms)
			ReleaseScriptingObjects (0ms)
			CreateAndSetChildDomain (2ms)
		EndReloadAssembly (1198ms)
			LoadAssemblies (123ms)
			RebuildTransferFunctionScriptingTraits (0ms)
			SetupTypeCache (493ms)
			ReleaseScriptCaches (0ms)
			RebuildScriptCaches (75ms)
			SetupLoadedEditorAssemblies (431ms)
				LogAssemblyErrors (0ms)
				InitializePlatformSupportModulesInManaged (9ms)
				SetLoadedEditorAssemblies (1ms)
				RefreshPlugins (142ms)
				BeforeProcessingInitializeOnLoad (27ms)
				ProcessInitializeOnLoadAttributes (184ms)
				ProcessInitializeOnLoadMethodAttributes (67ms)
				AfterProcessingInitializeOnLoad (0ms)
				EditorAssembliesLoaded (0ms)
			ExecutionOrderSort2 (0ms)
			AwakeInstancesAfterBackupRestoration (0ms)
Platform modules already initialized, skipping
Registering precompiled user dll's ...
Registered in 0.005320 seconds.
Begin MonoManager ReloadAssembly
Native extension for WindowsStandalone target not found
Refreshing native plugins compatible for Editor in 1.27 ms, found 2 plugins.
Preloading 0 native plugins for Editor in 0.00 ms.
Mono: successfully reloaded assembly
- Completed reload, in  2.683 seconds
Domain Reload Profiling:
	ReloadAssembly (2685ms)
		BeginReloadAssembly (348ms)
			ExecutionOrderSort (0ms)
			DisableScriptedObjects (15ms)
			BackupInstance (0ms)
			ReleaseScriptingObjects (0ms)
			CreateAndSetChildDomain (28ms)
		EndReloadAssembly (2175ms)
			LoadAssemblies (225ms)
			RebuildTransferFunctionScriptingTraits (0ms)
			SetupTypeCache (602ms)
			ReleaseScriptCaches (1ms)
			RebuildScriptCaches (101ms)
			SetupLoadedEditorAssemblies (968ms)
				LogAssemblyErrors (0ms)
				InitializePlatformSupportModulesInManaged (16ms)
				SetLoadedEditorAssemblies (1ms)
				RefreshPlugins (1ms)
				BeforeProcessingInitializeOnLoad (164ms)
				ProcessInitializeOnLoadAttributes (768ms)
				ProcessInitializeOnLoadMethodAttributes (11ms)
				AfterProcessingInitializeOnLoad (5ms)
				EditorAssembliesLoaded (1ms)
			ExecutionOrderSort2 (0ms)
			AwakeInstancesAfterBackupRestoration (16ms)
Platform modules already initialized, skipping
========================================================================
Worker process is ready to serve import requests
Launched and connected shader compiler UnityShaderCompiler.exe after 0.08 seconds
Refreshing native plugins compatible for Editor in 1.23 ms, found 2 plugins.
Preloading 0 native plugins for Editor in 0.00 ms.
Unloading 1493 Unused Serialized files (Serialized files now loaded: 0)
System memory in use before: 141.6 MB.
System memory in use after: 141.7 MB.

Unloading 18 unused Assets to reduce memory usage. Loaded Objects now: 1936.
Total: 5.505900 ms (FindLiveObjects: 0.276900 ms CreateObjectMapping: 0.162300 ms MarkObjects: 4.967200 ms  DeleteObjects: 0.097600 ms)

AssetImportParameters requested are different than current active one (requested -> active):
  custom:framework-win-MediaFoundation: 216162199b28c13a410421893ffa2e32 -> 
  custom:video-decoder-ogg-theora: a1e56fd34408186e4bbccfd4996cb3dc -> 
  custom:container-muxer-webm: aa71ff27fc2769a1b78a27578f13a17b -> 
  custom:container-demuxer-webm: 4f35f7cbe854078d1ac9338744f61a02 -> 
  custom:container-demuxer-ogg: 62fdf1f143b41e24485cea50d1cbac27 -> 
  custom:video-encoder-webm-vp8: eb34c28f22e8b96e1ab97ce403110664 -> 
  custom:video-decoder-webm-vp8: 9c59270c3fd7afecdb556c50c9e8de78 -> 
  custom:audio-decoder-ogg-vorbis: bf7c407c2cedff20999df2af8eb42d56 -> 
  custom:audio-encoder-webm-vorbis: bf7c407c2cedff20999df2af8eb42d56 -> 
========================================================================
Received Import Request.
  path: Assets/10.Assets/BOXOPHOBIC/Skybox Cubemap Extended/Demo/Meshes/LowPoly - Grass B.FBX
  artifactKey: Guid(0860e6fc68e57ae48b5ae6e854f8f6b1) Importer(815301076,1909f56bfc062723c751e8b465ee728b)
Start importing Assets/10.Assets/BOXOPHOBIC/Skybox Cubemap Extended/Demo/Meshes/LowPoly - Grass B.FBX using Guid(0860e6fc68e57ae48b5ae6e854f8f6b1) Importer(815301076,1909f56bfc062723c751e8b465ee728b)  -> (artifact id: '037807c881674e26004f63f4e2a3f0df') in 0.264638 seconds 
  Import took 0.269833 seconds .

========================================================================
Received Import Request.
  Time since last request: 0.000641 seconds.
  path: Assets/10.Assets/BOXOPHOBIC/Skybox Cubemap Extended/Demo/Meshes/LowPoly - Rock B.FBX
  artifactKey: Guid(3ecc1e70424b33546b2dc73bb30a5163) Importer(815301076,1909f56bfc062723c751e8b465ee728b)
Start importing Assets/10.Assets/BOXOPHOBIC/Skybox Cubemap Extended/Demo/Meshes/LowPoly - Rock B.FBX using Guid(3ecc1e70424b33546b2dc73bb30a5163) Importer(815301076,1909f56bfc062723c751e8b465ee728b)  -> (artifact id: '76b69f9b68ea894a0edd93d617821574') in 0.030973 seconds 
  Import took 0.036142 seconds .

========================================================================
Received Import Request.
  Time since last request: 0.000525 seconds.
  path: Assets/10.Assets/BOXOPHOBIC/Skybox Cubemap Extended/Demo/Materials/LowPoly - Terrain.mat
  artifactKey: Guid(2557d3f1d341fdb4e9d53179c053ffd5) Importer(815301076,1909f56bfc062723c751e8b465ee728b)
Start importing Assets/10.Assets/BOXOPHOBIC/Skybox Cubemap Extended/Demo/Materials/LowPoly - Terrain.mat using Guid(2557d3f1d341fdb4e9d53179c053ffd5) Importer(815301076,1909f56bfc062723c751e8b465ee728b)  -> (artifact id: 'ee515897ea0a82efc860161dc5b48f1e') in 0.101429 seconds 
  Import took 0.105371 seconds .

========================================================================
Received Import Request.
  Time since last request: 0.000380 seconds.
  path: Assets/10.Assets/BOXOPHOBIC/Skybox Cubemap Extended/Demo/Meshes/LowPoly - Rock A.FBX
  artifactKey: Guid(26fb55e8ae34728499f6f45cd0527c73) Importer(815301076,1909f56bfc062723c751e8b465ee728b)
Start importing Assets/10.Assets/BOXOPHOBIC/Skybox Cubemap Extended/Demo/Meshes/LowPoly - Rock A.FBX using Guid(26fb55e8ae34728499f6f45cd0527c73) Importer(815301076,1909f56bfc062723c751e8b465ee728b)  -> (artifact id: '4afe384c983691291a3dc2423f8c056f') in 0.023762 seconds 
  Import took 0.026891 seconds .

========================================================================
Received Import Request.
  Time since last request: 0.000338 seconds.
  path: Assets/10.Assets/BOXOPHOBIC/Skybox Cubemap Extended/Demo/Meshes
  artifactKey: Guid(25d3f6e5ef9743646a02401c50311822) Importer(815301076,1909f56bfc062723c751e8b465ee728b)
Start importing Assets/10.Assets/BOXOPHOBIC/Skybox Cubemap Extended/Demo/Meshes using Guid(25d3f6e5ef9743646a02401c50311822) Importer(815301076,1909f56bfc062723c751e8b465ee728b)  -> (artifact id: 'd1ab4f0bd7568adbd07f731009c9d137') in 0.001583 seconds 
  Import took 0.004308 seconds .

========================================================================
Received Import Request.
  Time since last request: 0.000331 seconds.
  path: Assets/10.Assets/BOXOPHOBIC/Skybox Cubemap Extended/Demo/Meshes/LowPoly - Grass A.FBX
  artifactKey: Guid(8af3079b5c79b6b4c825cc71e71ef97d) Importer(815301076,1909f56bfc062723c751e8b465ee728b)
Start importing Assets/10.Assets/BOXOPHOBIC/Skybox Cubemap Extended/Demo/Meshes/LowPoly - Grass A.FBX using Guid(8af3079b5c79b6b4c825cc71e71ef97d) Importer(815301076,1909f56bfc062723c751e8b465ee728b)  -> (artifact id: '685a261826f2d2a266a21a35b48ca0b9') in 0.025402 seconds 
  Import took 0.029446 seconds .

========================================================================
Received Import Request.
  Time since last request: 0.000334 seconds.
  path: Assets/10.Assets/BOXOPHOBIC/Skybox Cubemap Extended/Demo/Materials/Skybox Cubemap Extended Night.mat
  artifactKey: Guid(cc421da483ed06c49933077a621bff25) Importer(815301076,1909f56bfc062723c751e8b465ee728b)
Start importing Assets/10.Assets/BOXOPHOBIC/Skybox Cubemap Extended/Demo/Materials/Skybox Cubemap Extended Night.mat using Guid(cc421da483ed06c49933077a621bff25) Importer(815301076,1909f56bfc062723c751e8b465ee728b)  -> (artifact id: 'f78f8f87cb7c66726816bf4f6fc7d8f0') in 0.282131 seconds 
  Import took 0.311537 seconds .

========================================================================
Received Import Request.
  Time since last request: 0.000490 seconds.
  path: Assets/10.Assets/BOXOPHOBIC/Skybox Cubemap Extended/Demo/Materials
  artifactKey: Guid(f5f2b39f73ab79f42a2dd2ccadae1581) Importer(815301076,1909f56bfc062723c751e8b465ee728b)
Start importing Assets/10.Assets/BOXOPHOBIC/Skybox Cubemap Extended/Demo/Materials using Guid(f5f2b39f73ab79f42a2dd2ccadae1581) Importer(815301076,1909f56bfc062723c751e8b465ee728b)  -> (artifact id: 'f3e2752a242919350187c47098c628e9') in 0.003218 seconds 
  Import took 0.009413 seconds .

========================================================================
Received Import Request.
  Time since last request: 0.000460 seconds.
  path: Assets/10.Assets/BOXOPHOBIC/Skybox Cubemap Extended/Demo/Materials/LowPoly - Rock.mat
  artifactKey: Guid(37524ae4594222f4f8acd7b76234f79a) Importer(815301076,1909f56bfc062723c751e8b465ee728b)
Start importing Assets/10.Assets/BOXOPHOBIC/Skybox Cubemap Extended/Demo/Materials/LowPoly - Rock.mat using Guid(37524ae4594222f4f8acd7b76234f79a) Importer(815301076,1909f56bfc062723c751e8b465ee728b)  -> (artifact id: '86e89ab093e7b083d7c7a6bf18eeabbf') in 0.026451 seconds 
  Import took 0.032713 seconds .

========================================================================
Received Import Request.
  Time since last request: 0.000439 seconds.
  path: Assets/10.Assets/BOXOPHOBIC/Skybox Cubemap Extended/Demo/Meshes/LowPoly - FirTree B.FBX
  artifactKey: Guid(769d335a9d1fc3948bfb71adea34202c) Importer(815301076,1909f56bfc062723c751e8b465ee728b)
Start importing Assets/10.Assets/BOXOPHOBIC/Skybox Cubemap Extended/Demo/Meshes/LowPoly - FirTree B.FBX using Guid(769d335a9d1fc3948bfb71adea34202c) Importer(815301076,1909f56bfc062723c751e8b465ee728b)  -> (artifact id: '89b8826f861f92bbae1e1d142e8644f7') in 0.029532 seconds 
  Import took 0.035180 seconds .

========================================================================
Received Import Request.
  Time since last request: 0.000485 seconds.
  path: Assets/10.Assets/BOXOPHOBIC/Skybox Cubemap Extended/Demo/Materials/LowPoly - TreeTrunk.mat
  artifactKey: Guid(2a8f9a878cb7cff45b00339938d945ce) Importer(815301076,1909f56bfc062723c751e8b465ee728b)
Start importing Assets/10.Assets/BOXOPHOBIC/Skybox Cubemap Extended/Demo/Materials/LowPoly - TreeTrunk.mat using Guid(2a8f9a878cb7cff45b00339938d945ce) Importer(815301076,1909f56bfc062723c751e8b465ee728b)  -> (artifact id: '7ee6d7262b7cb326d11cba4937ad69b5') in 0.014353 seconds 
  Import took 0.019119 seconds .

========================================================================
Received Import Request.
  Time since last request: 0.000521 seconds.
  path: Assets/10.Assets/BOXOPHOBIC/Skybox Cubemap Extended/Demo/Materials/LowPoly - FirTree.mat
  artifactKey: Guid(138b35dd321622a4d93635b532ae8b8e) Importer(815301076,1909f56bfc062723c751e8b465ee728b)
Start importing Assets/10.Assets/BOXOPHOBIC/Skybox Cubemap Extended/Demo/Materials/LowPoly - FirTree.mat using Guid(138b35dd321622a4d93635b532ae8b8e) Importer(815301076,1909f56bfc062723c751e8b465ee728b)  -> (artifact id: '8653cd67dbe8bf4ff9630e86abfeff21') in 0.013959 seconds 
  Import took 0.018255 seconds .

========================================================================
Received Import Request.
  Time since last request: 0.000461 seconds.
  path: Assets/10.Assets/BOXOPHOBIC/Skybox Cubemap Extended
  artifactKey: Guid(06fe4632bd09e57468b68c174e122233) Importer(815301076,1909f56bfc062723c751e8b465ee728b)
Start importing Assets/10.Assets/BOXOPHOBIC/Skybox Cubemap Extended using Guid(06fe4632bd09e57468b68c174e122233) Importer(815301076,1909f56bfc062723c751e8b465ee728b)  -> (artifact id: '3457226c225e57def5945b7a5bb0ef3c') in 0.002310 seconds 
  Import took 0.006766 seconds .

========================================================================
Received Import Request.
  Time since last request: 0.000418 seconds.
  path: Assets/10.Assets/BOXOPHOBIC/Skybox Cubemap Extended/Demo/Meshes/LowPoly - Fence A.FBX
  artifactKey: Guid(719d923d0fff4604dad00bd968b563b2) Importer(815301076,1909f56bfc062723c751e8b465ee728b)
Start importing Assets/10.Assets/BOXOPHOBIC/Skybox Cubemap Extended/Demo/Meshes/LowPoly - Fence A.FBX using Guid(719d923d0fff4604dad00bd968b563b2) Importer(815301076,1909f56bfc062723c751e8b465ee728b)  -> (artifact id: 'f82f63a716b9df1647fafcc90cbc695f') in 0.015901 seconds 
  Import took 0.020658 seconds .

========================================================================
Received Import Request.
  Time since last request: 0.000340 seconds.
  path: Assets/10.Assets/BOXOPHOBIC/Skybox Cubemap Extended/Demo/Materials/LowPoly - Grass.mat
  artifactKey: Guid(6fc6652ed834922468cdd63bb95f7fe2) Importer(815301076,1909f56bfc062723c751e8b465ee728b)
Start importing Assets/10.Assets/BOXOPHOBIC/Skybox Cubemap Extended/Demo/Materials/LowPoly - Grass.mat using Guid(6fc6652ed834922468cdd63bb95f7fe2) Importer(815301076,1909f56bfc062723c751e8b465ee728b)  -> (artifact id: '310f0f340f8e922b047b24cef8ebd695') in 0.010396 seconds 
  Import took 0.014968 seconds .

========================================================================
Received Import Request.
  Time since last request: 0.000358 seconds.
  path: Assets/10.Assets/BOXOPHOBIC/Skybox Cubemap Extended/Demo/Materials/Skybox Cubemap Extended Blend.mat
  artifactKey: Guid(1cf6f4c6e6e0518419839d3f5448dd99) Importer(815301076,1909f56bfc062723c751e8b465ee728b)
Start importing Assets/10.Assets/BOXOPHOBIC/Skybox Cubemap Extended/Demo/Materials/Skybox Cubemap Extended Blend.mat using Guid(1cf6f4c6e6e0518419839d3f5448dd99) Importer(815301076,1909f56bfc062723c751e8b465ee728b)  -> (artifact id: '3d1e58ebc6b8967c9f81c7be118002b2') in 0.804588 seconds 
  Import took 0.849176 seconds .

========================================================================
Received Import Request.
  Time since last request: 0.000512 seconds.
  path: Assets/10.Assets/BOXOPHOBIC/Skybox Cubemap Extended/Demo/Textures/Polyverse Skies - Blue Sky.png
  artifactKey: Guid(beb1457d375110e468b8d8e1f29fccea) Importer(815301076,1909f56bfc062723c751e8b465ee728b)
Start importing Assets/10.Assets/BOXOPHOBIC/Skybox Cubemap Extended/Demo/Textures/Polyverse Skies - Blue Sky.png using Guid(beb1457d375110e468b8d8e1f29fccea) Importer(815301076,1909f56bfc062723c751e8b465ee728b)  -> (artifact id: 'a3edea3d26960c90b14808925f544b10') in 0.287162 seconds 
  Import took 0.306615 seconds .

========================================================================
Received Import Request.
  Time since last request: 0.000655 seconds.
  path: Assets/10.Assets/BOXOPHOBIC/Skybox Cubemap Extended/Demo
  artifactKey: Guid(de9e928d9c90c1d43a73ded89b05d1cd) Importer(815301076,1909f56bfc062723c751e8b465ee728b)
Start importing Assets/10.Assets/BOXOPHOBIC/Skybox Cubemap Extended/Demo using Guid(de9e928d9c90c1d43a73ded89b05d1cd) Importer(815301076,1909f56bfc062723c751e8b465ee728b)  -> (artifact id: '7a1f284fe644b280ac8b6c45e6c1b938') in 0.004030 seconds 
  Import took 0.012819 seconds .

========================================================================
Received Import Request.
  Time since last request: 0.000620 seconds.
  path: Assets/10.Assets/BOXOPHOBIC/Skybox Cubemap Extended/Demo/Meshes/LowPoly - Fence B.FBX
  artifactKey: Guid(6c41d268699e27248a4354335b2a76ee) Importer(815301076,1909f56bfc062723c751e8b465ee728b)
Start importing Assets/10.Assets/BOXOPHOBIC/Skybox Cubemap Extended/Demo/Meshes/LowPoly - Fence B.FBX using Guid(6c41d268699e27248a4354335b2a76ee) Importer(815301076,1909f56bfc062723c751e8b465ee728b)  -> (artifact id: '7a82e0f2b28d3de0de299bc4b0d33505') in 0.032941 seconds 
  Import took 0.039958 seconds .

========================================================================
Received Import Request.
  Time since last request: 0.000623 seconds.
  path: Assets/10.Assets/BOXOPHOBIC/Skybox Cubemap Extended/Demo/Meshes/LowPoly - Terrain.FBX
  artifactKey: Guid(f3dd2dace832efa4fa391170674edcc1) Importer(815301076,1909f56bfc062723c751e8b465ee728b)
Start importing Assets/10.Assets/BOXOPHOBIC/Skybox Cubemap Extended/Demo/Meshes/LowPoly - Terrain.FBX using Guid(f3dd2dace832efa4fa391170674edcc1) Importer(815301076,1909f56bfc062723c751e8b465ee728b)  -> (artifact id: 'b37edbb9408fc855b30f01000b658e62') in 0.027682 seconds 
  Import took 0.032843 seconds .

========================================================================
Received Import Request.
  Time since last request: 0.000352 seconds.
  path: Assets/10.Assets/BOXOPHOBIC/Skybox Cubemap Extended/Demo/Textures/Polyverse Skies - Night Sky.exr
  artifactKey: Guid(fa41734a337674542975482c8fe96ea1) Importer(815301076,1909f56bfc062723c751e8b465ee728b)
Start importing Assets/10.Assets/BOXOPHOBIC/Skybox Cubemap Extended/Demo/Textures/Polyverse Skies - Night Sky.exr using Guid(fa41734a337674542975482c8fe96ea1) Importer(815301076,1909f56bfc062723c751e8b465ee728b)  -> (artifact id: '96109f59e8ba731331188e5e69ccf31f') in 0.265732 seconds 
  Import took 0.295741 seconds .

========================================================================
Received Import Request.
  Time since last request: 0.000506 seconds.
  path: Assets/10.Assets/BOXOPHOBIC/Skybox Cubemap Extended/Demo/Materials/LowPoly - FirTreeVariation.mat
  artifactKey: Guid(0f74119e82d3b3a4d9b2842dbaa2a6ee) Importer(815301076,1909f56bfc062723c751e8b465ee728b)
Start importing Assets/10.Assets/BOXOPHOBIC/Skybox Cubemap Extended/Demo/Materials/LowPoly - FirTreeVariation.mat using Guid(0f74119e82d3b3a4d9b2842dbaa2a6ee) Importer(815301076,1909f56bfc062723c751e8b465ee728b)  -> (artifact id: '2d79cf32e6df0f08453fc0eb39ee308a') in 0.018326 seconds 
  Import took 0.025087 seconds .

========================================================================
Received Import Request.
  Time since last request: 0.000485 seconds.
  path: Assets/10.Assets/BOXOPHOBIC/Skybox Cubemap Extended/Demo/Materials/Skybox Cubemap Extended Day.mat
  artifactKey: Guid(2bd8959f5fbd3644aa33af1a155fc147) Importer(815301076,1909f56bfc062723c751e8b465ee728b)
Start importing Assets/10.Assets/BOXOPHOBIC/Skybox Cubemap Extended/Demo/Materials/Skybox Cubemap Extended Day.mat using Guid(2bd8959f5fbd3644aa33af1a155fc147) Importer(815301076,1909f56bfc062723c751e8b465ee728b)  -> (artifact id: '9b18a7f3d0a335e924326165e0406247') in 0.230457 seconds 
  Import took 0.247461 seconds .

========================================================================
Received Import Request.
  Time since last request: 0.000514 seconds.
  path: Assets/10.Assets/BOXOPHOBIC/Skybox Cubemap Extended/Demo/Textures
  artifactKey: Guid(622c850911a24ab4c87b6b1cbb58ba1d) Importer(815301076,1909f56bfc062723c751e8b465ee728b)
Start importing Assets/10.Assets/BOXOPHOBIC/Skybox Cubemap Extended/Demo/Textures using Guid(622c850911a24ab4c87b6b1cbb58ba1d) Importer(815301076,1909f56bfc062723c751e8b465ee728b)  -> (artifact id: '08b21e1cd009ebb602d44d4c9417769e') in 0.003285 seconds 
  Import took 0.009370 seconds .

========================================================================
Received Import Request.
  Time since last request: 0.000471 seconds.
  path: Assets/10.Assets/BOXOPHOBIC/Skybox Cubemap Extended/Demo/Meshes/LowPoly - FirTree A.FBX
  artifactKey: Guid(7f9b57a02a16e55429c68854f45a8801) Importer(815301076,1909f56bfc062723c751e8b465ee728b)
Start importing Assets/10.Assets/BOXOPHOBIC/Skybox Cubemap Extended/Demo/Meshes/LowPoly - FirTree A.FBX using Guid(7f9b57a02a16e55429c68854f45a8801) Importer(815301076,1909f56bfc062723c751e8b465ee728b)  -> (artifact id: '6b02894786b07c3585e1bee1e9586e7e') in 0.024160 seconds 
  Import took 0.029712 seconds .

========================================================================
Received Import Request.
  Time since last request: 0.000490 seconds.
  path: Assets/10.Assets/BOXOPHOBIC
  artifactKey: Guid(e22fe1c3d53b8fd4b89270cbb32769fa) Importer(815301076,1909f56bfc062723c751e8b465ee728b)
Start importing Assets/10.Assets/BOXOPHOBIC using Guid(e22fe1c3d53b8fd4b89270cbb32769fa) Importer(815301076,1909f56bfc062723c751e8b465ee728b)  -> (artifact id: '5361af41dd8e5320f176def4c2e7a23d') in 0.002611 seconds 
  Import took 0.007687 seconds .

========================================================================
Received Import Request.
  Time since last request: 0.000505 seconds.
  path: Assets/10.Assets/BOXOPHOBIC/Skybox Cubemap Extended/Demo/Materials/LowPoly - Wood.mat
  artifactKey: Guid(ff059fc016fcf8d4a88162b27e334cba) Importer(815301076,1909f56bfc062723c751e8b465ee728b)
Start importing Assets/10.Assets/BOXOPHOBIC/Skybox Cubemap Extended/Demo/Materials/LowPoly - Wood.mat using Guid(ff059fc016fcf8d4a88162b27e334cba) Importer(815301076,1909f56bfc062723c751e8b465ee728b)  -> (artifact id: '4c2942ae2fbdaeb001be49f1ccafaa0b') in 0.015202 seconds 
  Import took 0.021983 seconds .

========================================================================
Received Import Request.
  Time since last request: 2.729005 seconds.
  path: Assets/10.Assets/BOXOPHOBIC/Skybox Cubemap Extended/Demo/Settings
  artifactKey: Guid(938d9248e9f0f574cb40a5bbca66dae4) Importer(815301076,1909f56bfc062723c751e8b465ee728b)
Start importing Assets/10.Assets/BOXOPHOBIC/Skybox Cubemap Extended/Demo/Settings using Guid(938d9248e9f0f574cb40a5bbca66dae4) Importer(815301076,1909f56bfc062723c751e8b465ee728b)  -> (artifact id: '8df446fb0869e3e79b9a5efdbd4ef5ca') in 0.001570 seconds 
  Import took 0.004698 seconds .

========================================================================
Received Import Request.
  Time since last request: 0.094716 seconds.
  path: Assets/10.Assets/BOXOPHOBIC/Skybox Cubemap Extended/Demo/Settings/Demo.asset
  artifactKey: Guid(2c9ebc5b5de64494eb66e1f3eb755731) Importer(815301076,1909f56bfc062723c751e8b465ee728b)
Start importing Assets/10.Assets/BOXOPHOBIC/Skybox Cubemap Extended/Demo/Settings/Demo.asset using Guid(2c9ebc5b5de64494eb66e1f3eb755731) Importer(815301076,1909f56bfc062723c751e8b465ee728b)  -> (artifact id: '51e3310fa8264d480e27bd89bc3a09b5') in 0.010907 seconds 
  Import took 0.018652 seconds .

========================================================================
Received Import Request.
  Time since last request: 1.602740 seconds.
  path: Assets/10.Assets/BOXOPHOBIC/Skybox Cubemap Extended/Demo/Prefabs
  artifactKey: Guid(2dcb8d72d2d50bf4897662c7aa8cfa01) Importer(815301076,1909f56bfc062723c751e8b465ee728b)
Start importing Assets/10.Assets/BOXOPHOBIC/Skybox Cubemap Extended/Demo/Prefabs using Guid(2dcb8d72d2d50bf4897662c7aa8cfa01) Importer(815301076,1909f56bfc062723c751e8b465ee728b)  -> (artifact id: '6b71476d9885ed14117dbc7c9fc2c147') in 0.001594 seconds 
  Import took 0.012503 seconds .

========================================================================
Received Import Request.
  Time since last request: 0.034821 seconds.
  path: Assets/10.Assets/BOXOPHOBIC/Skybox Cubemap Extended/Demo/Prefabs/LowPoly - Fence A.prefab
  artifactKey: Guid(dd3ee0c97aab8a7498c9292f3482f60b) Importer(815301076,1909f56bfc062723c751e8b465ee728b)
Start importing Assets/10.Assets/BOXOPHOBIC/Skybox Cubemap Extended/Demo/Prefabs/LowPoly - Fence A.prefab using Guid(dd3ee0c97aab8a7498c9292f3482f60b) Importer(815301076,1909f56bfc062723c751e8b465ee728b)  -> (artifact id: 'c4b711572c479ec4aec79a1621abfe46') in 0.019120 seconds 
  Import took 0.023992 seconds .

========================================================================
Received Import Request.
  Time since last request: 0.000474 seconds.
  path: Assets/10.Assets/BOXOPHOBIC/Skybox Cubemap Extended/Demo/Prefabs/LowPoly - Grass A.prefab
  artifactKey: Guid(9b6eba5dea9e77a4abd8f45df1ffffb6) Importer(815301076,1909f56bfc062723c751e8b465ee728b)
Start importing Assets/10.Assets/BOXOPHOBIC/Skybox Cubemap Extended/Demo/Prefabs/LowPoly - Grass A.prefab using Guid(9b6eba5dea9e77a4abd8f45df1ffffb6) Importer(815301076,1909f56bfc062723c751e8b465ee728b)  -> (artifact id: '6d223ea30221f27007298bb18de99755') in 0.014258 seconds 
  Import took 0.019335 seconds .

========================================================================
Received Import Request.
  Time since last request: 0.000465 seconds.
  path: Assets/10.Assets/BOXOPHOBIC/Skybox Cubemap Extended/Demo/Prefabs/LowPoly - FirTree B.prefab
  artifactKey: Guid(d2cd02263a1e8084abf81f1324b929be) Importer(815301076,1909f56bfc062723c751e8b465ee728b)
Start importing Assets/10.Assets/BOXOPHOBIC/Skybox Cubemap Extended/Demo/Prefabs/LowPoly - FirTree B.prefab using Guid(d2cd02263a1e8084abf81f1324b929be) Importer(815301076,1909f56bfc062723c751e8b465ee728b)  -> (artifact id: '6ce5afc93f712d648a58626d4de8b151') in 0.017126 seconds 
  Import took 0.023597 seconds .

========================================================================
Received Import Request.
  Time since last request: 0.000456 seconds.
  path: Assets/10.Assets/BOXOPHOBIC/Skybox Cubemap Extended/Demo/Prefabs/LowPoly - FirTree A.prefab
  artifactKey: Guid(6b444276162548b4e9107350b71e775a) Importer(815301076,1909f56bfc062723c751e8b465ee728b)
Start importing Assets/10.Assets/BOXOPHOBIC/Skybox Cubemap Extended/Demo/Prefabs/LowPoly - FirTree A.prefab using Guid(6b444276162548b4e9107350b71e775a) Importer(815301076,1909f56bfc062723c751e8b465ee728b)  -> (artifact id: 'e9f8d2cba37817787717f01d7edb00e0') in 0.013499 seconds 
  Import took 0.018385 seconds .

========================================================================
Received Import Request.
  Time since last request: 0.000396 seconds.
  path: Assets/10.Assets/BOXOPHOBIC/Skybox Cubemap Extended/Demo/Prefabs/LowPoly - Rock A.prefab
  artifactKey: Guid(39de80c7e7a1a2942820576875608e5d) Importer(815301076,1909f56bfc062723c751e8b465ee728b)
Start importing Assets/10.Assets/BOXOPHOBIC/Skybox Cubemap Extended/Demo/Prefabs/LowPoly - Rock A.prefab using Guid(39de80c7e7a1a2942820576875608e5d) Importer(815301076,1909f56bfc062723c751e8b465ee728b)  -> (artifact id: 'c2893a69ada78e604a4ec05afca6a7d1') in 0.010239 seconds 
  Import took 0.013943 seconds .

========================================================================
Received Import Request.
  Time since last request: 0.000380 seconds.
  path: Assets/10.Assets/BOXOPHOBIC/Skybox Cubemap Extended/Demo/Prefabs/LowPoly - Rock B.prefab
  artifactKey: Guid(b0622c7c0ff092b46a37f31c718c5eba) Importer(815301076,1909f56bfc062723c751e8b465ee728b)
Start importing Assets/10.Assets/BOXOPHOBIC/Skybox Cubemap Extended/Demo/Prefabs/LowPoly - Rock B.prefab using Guid(b0622c7c0ff092b46a37f31c718c5eba) Importer(815301076,1909f56bfc062723c751e8b465ee728b)  -> (artifact id: '96e6a8f0cab82d7ca1244649f85c34e5') in 0.011539 seconds 
  Import took 0.015014 seconds .

========================================================================
Received Import Request.
  Time since last request: 0.000374 seconds.
  path: Assets/10.Assets/BOXOPHOBIC/Skybox Cubemap Extended/Demo/Prefabs/LowPoly - Fence B.prefab
  artifactKey: Guid(b4974e3ae06d3d245a8353b888faed9d) Importer(815301076,1909f56bfc062723c751e8b465ee728b)
Start importing Assets/10.Assets/BOXOPHOBIC/Skybox Cubemap Extended/Demo/Prefabs/LowPoly - Fence B.prefab using Guid(b4974e3ae06d3d245a8353b888faed9d) Importer(815301076,1909f56bfc062723c751e8b465ee728b)  -> (artifact id: 'dd48c296db4a6458fd02032c3b4f3c26') in 0.010957 seconds 
  Import took 0.014205 seconds .

========================================================================
Received Import Request.
  Time since last request: 0.000381 seconds.
  path: Assets/10.Assets/BOXOPHOBIC/Skybox Cubemap Extended/Demo/Prefabs/LowPoly - Grass B.prefab
  artifactKey: Guid(c23a5db78ca1a5b4f921e0109f33128c) Importer(815301076,1909f56bfc062723c751e8b465ee728b)
Start importing Assets/10.Assets/BOXOPHOBIC/Skybox Cubemap Extended/Demo/Prefabs/LowPoly - Grass B.prefab using Guid(c23a5db78ca1a5b4f921e0109f33128c) Importer(815301076,1909f56bfc062723c751e8b465ee728b)  -> (artifact id: '7ded1222c264ef3017096ffd82cc03d0') in 0.009384 seconds 
  Import took 0.012691 seconds .

========================================================================
Received Import Request.
  Time since last request: 0.000557 seconds.
  path: Assets/10.Assets/BOXOPHOBIC/Skybox Cubemap Extended/Demo/Prefabs/LowPoly - Grass B.prefab
  artifactKey: Guid(c23a5db78ca1a5b4f921e0109f33128c) Importer(815301076,1909f56bfc062723c751e8b465ee728b)
Start importing Assets/10.Assets/BOXOPHOBIC/Skybox Cubemap Extended/Demo/Prefabs/LowPoly - Grass B.prefab using Guid(c23a5db78ca1a5b4f921e0109f33128c) Importer(815301076,1909f56bfc062723c751e8b465ee728b)  -> (artifact id: '7ded1222c264ef3017096ffd82cc03d0') in 0.009350 seconds 
  Import took 0.013177 seconds .

========================================================================
Received Prepare
Registering precompiled user dll's ...
Registered in 0.009287 seconds.
Begin MonoManager ReloadAssembly
Native extension for WindowsStandalone target not found
Refreshing native plugins compatible for Editor in 0.71 ms, found 2 plugins.
Preloading 0 native plugins for Editor in 0.00 ms.
Mono: successfully reloaded assembly
- Completed reload, in  2.888 seconds
Domain Reload Profiling:
	ReloadAssembly (2889ms)
		BeginReloadAssembly (226ms)
			ExecutionOrderSort (0ms)
			DisableScriptedObjects (10ms)
			BackupInstance (0ms)
			ReleaseScriptingObjects (0ms)
			CreateAndSetChildDomain (70ms)
		EndReloadAssembly (2525ms)
			LoadAssemblies (229ms)
			RebuildTransferFunctionScriptingTraits (0ms)
			SetupTypeCache (952ms)
			ReleaseScriptCaches (2ms)
			RebuildScriptCaches (137ms)
			SetupLoadedEditorAssemblies (800ms)
				LogAssemblyErrors (0ms)
				InitializePlatformSupportModulesInManaged (8ms)
				SetLoadedEditorAssemblies (1ms)
				RefreshPlugins (1ms)
				BeforeProcessingInitializeOnLoad (102ms)
				ProcessInitializeOnLoadAttributes (673ms)
				ProcessInitializeOnLoadMethodAttributes (10ms)
				AfterProcessingInitializeOnLoad (5ms)
				EditorAssembliesLoaded (1ms)
			ExecutionOrderSort2 (0ms)
			AwakeInstancesAfterBackupRestoration (17ms)
Platform modules already initialized, skipping
Refreshing native plugins compatible for Editor in 1.06 ms, found 2 plugins.
Preloading 0 native plugins for Editor in 0.00 ms.
Unloading 1485 Unused Serialized files (Serialized files now loaded: 0)
System memory in use before: 144.8 MB.
System memory in use after: 144.9 MB.

Unloading 14 unused Assets to reduce memory usage. Loaded Objects now: 1983.
Total: 6.027400 ms (FindLiveObjects: 0.275100 ms CreateObjectMapping: 0.098600 ms MarkObjects: 5.614500 ms  DeleteObjects: 0.037300 ms)

AssetImportParameters requested are different than current active one (requested -> active):
  custom:framework-win-MediaFoundation: 216162199b28c13a410421893ffa2e32 -> 
  custom:video-decoder-ogg-theora: a1e56fd34408186e4bbccfd4996cb3dc -> 
  custom:container-muxer-webm: aa71ff27fc2769a1b78a27578f13a17b -> 
  custom:container-demuxer-webm: 4f35f7cbe854078d1ac9338744f61a02 -> 
  custom:container-demuxer-ogg: 62fdf1f143b41e24485cea50d1cbac27 -> 
  custom:video-encoder-webm-vp8: eb34c28f22e8b96e1ab97ce403110664 -> 
  custom:video-decoder-webm-vp8: 9c59270c3fd7afecdb556c50c9e8de78 -> 
  custom:audio-decoder-ogg-vorbis: bf7c407c2cedff20999df2af8eb42d56 -> 
  custom:audio-encoder-webm-vorbis: bf7c407c2cedff20999df2af8eb42d56 -> 
========================================================================
Received Import Request.
  Time since last request: 92.805519 seconds.
  path: Assets/3.Material/Wall.mat
  artifactKey: Guid(024acef4d9d5b254e9be48a07fa5b8cc) Importer(815301076,1909f56bfc062723c751e8b465ee728b)
Start importing Assets/3.Material/Wall.mat using Guid(024acef4d9d5b254e9be48a07fa5b8cc) Importer(815301076,1909f56bfc062723c751e8b465ee728b)  -> (artifact id: '1336177e1acc749371e62964462f1e2d') in 0.101105 seconds 
  Import took 0.105590 seconds .

========================================================================
Received Import Request.
  Time since last request: 5.127763 seconds.
  path: Assets/10.Assets/BOXOPHOBIC/Skybox Cubemap Extended/Demo/Materials/Polyverse Skies - Blue Sky.mat
  artifactKey: Guid(d06caa8b4795ebb45b2ed0c9d841eb8c) Importer(815301076,1909f56bfc062723c751e8b465ee728b)
Start importing Assets/10.Assets/BOXOPHOBIC/Skybox Cubemap Extended/Demo/Materials/Polyverse Skies - Blue Sky.mat using Guid(d06caa8b4795ebb45b2ed0c9d841eb8c) Importer(815301076,1909f56bfc062723c751e8b465ee728b)  -> (artifact id: 'd752fcefe137673aa3733bb2f3fbd09c') in 0.171414 seconds 
  Import took 0.191338 seconds .

========================================================================
Received Import Request.
  Time since last request: 0.000744 seconds.
  path: Assets/10.Assets/BOXOPHOBIC/Skybox Cubemap Extended/Demo/Materials/Polyverse Skies - Night Sky.mat
  artifactKey: Guid(f10bdfc0225e89a4a95197040033a5de) Importer(815301076,1909f56bfc062723c751e8b465ee728b)
Start importing Assets/10.Assets/BOXOPHOBIC/Skybox Cubemap Extended/Demo/Materials/Polyverse Skies - Night Sky.mat using Guid(f10bdfc0225e89a4a95197040033a5de) Importer(815301076,1909f56bfc062723c751e8b465ee728b)  -> (artifact id: '13f950a590c93489f5ebdcaeb54cabbe') in 0.374180 seconds 
  Import took 0.421278 seconds .

========================================================================
Received Prepare
Registering precompiled user dll's ...
Registered in 0.002901 seconds.
Begin MonoManager ReloadAssembly
Native extension for WindowsStandalone target not found
Refreshing native plugins compatible for Editor in 1.01 ms, found 2 plugins.
Preloading 0 native plugins for Editor in 0.00 ms.
Mono: successfully reloaded assembly
- Completed reload, in  2.794 seconds
Domain Reload Profiling:
	ReloadAssembly (2795ms)
		BeginReloadAssembly (308ms)
			ExecutionOrderSort (0ms)
			DisableScriptedObjects (16ms)
			BackupInstance (0ms)
			ReleaseScriptingObjects (0ms)
			CreateAndSetChildDomain (110ms)
		EndReloadAssembly (2342ms)
			LoadAssemblies (244ms)
			RebuildTransferFunctionScriptingTraits (0ms)
			SetupTypeCache (738ms)
			ReleaseScriptCaches (2ms)
			RebuildScriptCaches (141ms)
			SetupLoadedEditorAssemblies (910ms)
				LogAssemblyErrors (0ms)
				InitializePlatformSupportModulesInManaged (9ms)
				SetLoadedEditorAssemblies (1ms)
				RefreshPlugins (1ms)
				BeforeProcessingInitializeOnLoad (104ms)
				ProcessInitializeOnLoadAttributes (773ms)
				ProcessInitializeOnLoadMethodAttributes (14ms)
				AfterProcessingInitializeOnLoad (7ms)
				EditorAssembliesLoaded (1ms)
			ExecutionOrderSort2 (0ms)
			AwakeInstancesAfterBackupRestoration (24ms)
Platform modules already initialized, skipping
Refreshing native plugins compatible for Editor in 1.06 ms, found 2 plugins.
Preloading 0 native plugins for Editor in 0.00 ms.
Unloading 1485 Unused Serialized files (Serialized files now loaded: 0)
System memory in use before: 144.9 MB.
System memory in use after: 145.0 MB.

Unloading 13 unused Assets to reduce memory usage. Loaded Objects now: 1986.
Total: 6.190600 ms (FindLiveObjects: 0.276000 ms CreateObjectMapping: 0.095400 ms MarkObjects: 5.786400 ms  DeleteObjects: 0.030900 ms)

AssetImportParameters requested are different than current active one (requested -> active):
  custom:framework-win-MediaFoundation: 216162199b28c13a410421893ffa2e32 -> 
  custom:video-decoder-ogg-theora: a1e56fd34408186e4bbccfd4996cb3dc -> 
  custom:container-muxer-webm: aa71ff27fc2769a1b78a27578f13a17b -> 
  custom:container-demuxer-webm: 4f35f7cbe854078d1ac9338744f61a02 -> 
  custom:container-demuxer-ogg: 62fdf1f143b41e24485cea50d1cbac27 -> 
  custom:video-encoder-webm-vp8: eb34c28f22e8b96e1ab97ce403110664 -> 
  custom:video-decoder-webm-vp8: 9c59270c3fd7afecdb556c50c9e8de78 -> 
  custom:audio-decoder-ogg-vorbis: bf7c407c2cedff20999df2af8eb42d56 -> 
  custom:audio-encoder-webm-vorbis: bf7c407c2cedff20999df2af8eb42d56 -> 
========================================================================
Received Import Request.
  Time since last request: 56.902578 seconds.
  path: Assets/10.Assets/BOXOPHOBIC/Skybox Cubemap Extended/Demo/Materials/Skybox Cubemap Extended Blend.mat
  artifactKey: Guid(1cf6f4c6e6e0518419839d3f5448dd99) Importer(815301076,1909f56bfc062723c751e8b465ee728b)
Start importing Assets/10.Assets/BOXOPHOBIC/Skybox Cubemap Extended/Demo/Materials/Skybox Cubemap Extended Blend.mat using Guid(1cf6f4c6e6e0518419839d3f5448dd99) Importer(815301076,1909f56bfc062723c751e8b465ee728b)  -> (artifact id: '40f8afd90d5dd2c08dc6052bd2b0c9af') in 0.558182 seconds 
  Import took 0.607388 seconds .

========================================================================
Received Import Request.
  Time since last request: 280.928917 seconds.
  path: Assets/2.Scripts/Fire.cs
  artifactKey: Guid(093d4a073af55904abf340a28fa54580) Importer(815301076,1909f56bfc062723c751e8b465ee728b)
Start importing Assets/2.Scripts/Fire.cs using Guid(093d4a073af55904abf340a28fa54580) Importer(815301076,1909f56bfc062723c751e8b465ee728b)  -> (artifact id: '53e31af528123ef0df8ed092e958a813') in 0.012060 seconds 
  Import took 0.015508 seconds .

========================================================================
Received Import Request.
  Time since last request: 310.336930 seconds.
  path: Assets/2.Scripts/Fire.cs
  artifactKey: Guid(093d4a073af55904abf340a28fa54580) Importer(815301076,1909f56bfc062723c751e8b465ee728b)
Start importing Assets/2.Scripts/Fire.cs using Guid(093d4a073af55904abf340a28fa54580) Importer(815301076,1909f56bfc062723c751e8b465ee728b)  -> (artifact id: 'cbcf7901d6633f827eac25d4d24b9523') in 0.002372 seconds 
  Import took 0.008339 seconds .

========================================================================
Received Import Request.
  Time since last request: 41.862387 seconds.
  path: Assets/2.Scripts/Fire.cs
  artifactKey: Guid(093d4a073af55904abf340a28fa54580) Importer(815301076,1909f56bfc062723c751e8b465ee728b)
Start importing Assets/2.Scripts/Fire.cs using Guid(093d4a073af55904abf340a28fa54580) Importer(815301076,1909f56bfc062723c751e8b465ee728b)  -> (artifact id: 'cd6ffde6e37b9167c9228a4423ac980a') in 0.001609 seconds 
  Import took 0.013364 seconds .

AssetImportWorkerClient::OnTransportError - code=2 error=End of file
